Wed 20 Mar 2024 08:08:20 PM UTC: 
 tests:  0|5
total_score: 0/70
25cdfdf
Wed 20 Mar 2024 08:13:35 PM UTC: 
 exercises.c | 30 ++++++++++++++----------------
 1 file changed, 14 insertions(+), 16 deletions(-)
In file included from test.c:5:
exercises.c: In function ‘crea_lista’:
exercises.c:48:5: error: implicit declaration of function ‘push_back’; did you mean ‘pushBack’? [-Werror=implicit-function-declaration]
   48 |     push_back(L, dato);
      |     ^~~~~~~~~
      |     pushBack
cc1: all warnings being treated as errors
Compilation failed
5254bba
Wed 20 Mar 2024 08:14:30 PM UTC: 
 exercises.c | 3 +--
 1 file changed, 1 insertion(+), 2 deletions(-)
In file included from test.c:5:
exercises.c: In function ‘crea_lista’:
exercises.c:46:10: error: unused variable ‘dato’ [-Werror=unused-variable]
   46 |     int *dato = (int *)malloc(sizeof(int));
      |          ^~~~
cc1: all warnings being treated as errors
Compilation failed
d665be0
Wed 20 Mar 2024 08:14:40 PM UTC: 
 exercises.c | 2 +-
 1 file changed, 1 insertion(+), 1 deletion(-)
In file included from test.c:5:
exercises.c: In function ‘crea_lista’:
exercises.c:46:16: error: initialization of ‘int’ from ‘int *’ makes integer from pointer without a cast [-Werror=int-conversion]
   46 |     int dato = (int *)malloc(sizeof(int));
      |                ^
exercises.c:46:9: error: unused variable ‘dato’ [-Werror=unused-variable]
   46 |     int dato = (int *)malloc(sizeof(int));
      |         ^~~~
cc1: all warnings being treated as errors
Compilation failed
be239ea
Wed 20 Mar 2024 08:15:20 PM UTC: 
 exercises.c | 5 +++--
 1 file changed, 3 insertions(+), 2 deletions(-)
 tests:  0|5
total_score: 0/70
a378b36
Wed 20 Mar 2024 08:15:40 PM UTC: 
 exercises.c | 2 +-
 1 file changed, 1 insertion(+), 1 deletion(-)
In file included from test.c:5:
exercises.c: In function ‘crea_lista’:
exercises.c:48:5: error: implicit declaration of function ‘push_back’; did you mean ‘pushBack’? [-Werror=implicit-function-declaration]
   48 |     push_back(L, dato);
      |     ^~~~~~~~~
      |     pushBack
cc1: all warnings being treated as errors
Compilation failed
234d373
Wed 20 Mar 2024 08:16:58 PM UTC: 
 exercises.c | 2 +-
 1 file changed, 1 insertion(+), 1 deletion(-)
In file included from test.c:5:
exercises.c: In function ‘crea_lista’:
exercises.c:48:5: error: implicit declaration of function ‘push_back’; did you mean ‘pushBack’? [-Werror=implicit-function-declaration]
   48 |     push_back(L, dato);
      |     ^~~~~~~~~
      |     pushBack
cc1: all warnings being treated as errors
Compilation failed
adddf5a
Wed 20 Mar 2024 08:17:26 PM UTC: 
 exercises.c | 2 +-
 1 file changed, 1 insertion(+), 1 deletion(-)
In file included from test.c:5:
exercises.c: In function ‘crea_lista’:
exercises.c:48:5: error: implicit declaration of function ‘push_back’; did you mean ‘pushBack’? [-Werror=implicit-function-declaration]
   48 |     push_back(L, dato);
      |     ^~~~~~~~~
      |     pushBack
cc1: all warnings being treated as errors
Compilation failed
5b61668
Wed 20 Mar 2024 08:18:08 PM UTC: 
 exercises.c | 2 +-
 1 file changed, 1 insertion(+), 1 deletion(-)
In file included from test.c:5:
exercises.c: In function ‘crea_lista’:
exercises.c:48:5: error: implicit declaration of function ‘push_back’; did you mean ‘pushBack’? [-Werror=implicit-function-declaration]
   48 |     push_back(L, *dato);
      |     ^~~~~~~~~
      |     pushBack
cc1: all warnings being treated as errors
Compilation failed
2574c23
Wed 20 Mar 2024 08:18:38 PM UTC: 
 exercises.c | 2 +-
 1 file changed, 1 insertion(+), 1 deletion(-)
In file included from test.c:5:
exercises.c: In function ‘crea_lista’:
exercises.c:48:5: error: implicit declaration of function ‘push_back’; did you mean ‘pushBack’? [-Werror=implicit-function-declaration]
   48 |     push_back(L, dato);
      |     ^~~~~~~~~
      |     pushBack
cc1: all warnings being treated as errors
Compilation failed
667a425
Wed 20 Mar 2024 08:19:01 PM UTC: 
 exercises.c | 2 +-
 1 file changed, 1 insertion(+), 1 deletion(-)
 tests:  1|4
total_score: 10/70
2358c1a
Wed 20 Mar 2024 08:24:31 PM UTC: 
 exercises.c | 15 ++++++++++++++-
 1 file changed, 14 insertions(+), 1 deletion(-)
 tests:  1|4
total_score: 10/70
e259f73
Wed 20 Mar 2024 08:24:48 PM UTC: 
 exercises.c | 2 +-
 1 file changed, 1 insertion(+), 1 deletion(-)
In file included from test.c:5:
exercises.c: In function ‘sumaLista’:
exercises.c:72:10: error: returning ‘int *’ from a function with return type ‘int’ makes integer from pointer without a cast [-Werror=int-conversion]
   72 |   return enteros; }
      |          ^~~~~~~
cc1: all warnings being treated as errors
Compilation failed
0b64f36
Wed 20 Mar 2024 08:24:56 PM UTC: 
 exercises.c | 2 +-
 1 file changed, 1 insertion(+), 1 deletion(-)
 tests:  0|0
4f621e6
Wed 20 Mar 2024 08:25:09 PM UTC: 
 exercises.c | 2 +-
 1 file changed, 1 insertion(+), 1 deletion(-)
In file included from test.c:5:
exercises.c: In function ‘sumaLista’:
exercises.c:72:10: error: ‘suma’ undeclared (first use in this function); did you mean ‘sum’?
   72 |   return suma; }
      |          ^~~~
      |          sum
exercises.c:72:10: note: each undeclared identifier is reported only once for each function it appears in
exercises.c:72:16: error: control reaches end of non-void function [-Werror=return-type]
   72 |   return suma; }
      |                ^
cc1: all warnings being treated as errors
Compilation failed
536338f
Wed 20 Mar 2024 08:25:12 PM UTC: 
 exercises.c | 2 +-
 1 file changed, 1 insertion(+), 1 deletion(-)
 tests:  2|3
total_score: 20/70
ea84db3
Wed 20 Mar 2024 08:27:23 PM UTC: 
 exercises.c | 12 +++++++++++-
 1 file changed, 11 insertions(+), 1 deletion(-)
In file included from test.c:5:
exercises.c: In function ‘eliminaElementos’:
exercises.c:88:9: error: too few arguments to function ‘eliminaElementos’
   88 |         eliminaElementos(L);
      |         ^~~~~~~~~~~~~~~~
exercises.c:83:6: note: declared here
   83 | void eliminaElementos(List *L, int elem) {
      |      ^~~~~~~~~~~~~~~~
Compilation failed
67670bf
Wed 20 Mar 2024 08:27:39 PM UTC: 
 exercises.c | 2 +-
 1 file changed, 1 insertion(+), 1 deletion(-)
In file included from test.c:5:
exercises.c: In function ‘eliminaElementos’:
exercises.c:88:28: error: passing argument 2 of ‘eliminaElementos’ makes integer from pointer without a cast [-Werror=int-conversion]
   88 |         eliminaElementos(L,ent);
      |                            ^~~
      |                            |
      |                            int *
exercises.c:83:36: note: expected ‘int’ but argument is of type ‘int *’
   83 | void eliminaElementos(List *L, int elem) {
      |                                ~~~~^~~~
cc1: all warnings being treated as errors
Compilation failed
8d51662
Wed 20 Mar 2024 08:28:23 PM UTC: 
 exercises.c | 2 +-
 1 file changed, 1 insertion(+), 1 deletion(-)
In file included from test.c:5:
exercises.c: In function ‘eliminaElementos’:
exercises.c:88:25: error: passing argument 2 of ‘pushCurrent’ makes pointer from integer without a cast [-Werror=int-conversion]
   88 |           pushCurrent(L,elem);
      |                         ^~~~
      |                         |
      |                         int
In file included from exercises.c:1,
                 from test.c:5:
arraylist.h:23:33: note: expected ‘void *’ but argument is of type ‘int’
   23 | void pushCurrent(List *L, void *dato);
      |                           ~~~~~~^~~~
cc1: all warnings being treated as errors
Compilation failed
cc00844
Wed 20 Mar 2024 08:28:28 PM UTC: 
 exercises.c | 2 +-
 1 file changed, 1 insertion(+), 1 deletion(-)
In file included from test.c:5:
exercises.c: In function ‘eliminaElementos’:
exercises.c:88:11: error: too few arguments to function ‘pushCurrent’
   88 |           pushCurrent(L);
      |           ^~~~~~~~~~~
In file included from exercises.c:1,
                 from test.c:5:
arraylist.h:23:6: note: declared here
   23 | void pushCurrent(List *L, void *dato);
      |      ^~~~~~~~~~~
Compilation failed
f2b3455
Wed 20 Mar 2024 08:29:18 PM UTC: 
 exercises.c | 2 +-
 1 file changed, 1 insertion(+), 1 deletion(-)
In file included from test.c:5:
exercises.c: In function ‘eliminaElementos’:
exercises.c:88:7: error: too many arguments to function ‘popCurrent’
   88 |       popCurrent(L,elem);
      |       ^~~~~~~~~~
In file included from exercises.c:1,
                 from test.c:5:
arraylist.h:32:7: note: declared here
   32 | void *popCurrent(List *L);
      |       ^~~~~~~~~~
Compilation failed
6526aab
Wed 20 Mar 2024 08:29:29 PM UTC: 
 exercises.c | 2 +-
 1 file changed, 1 insertion(+), 1 deletion(-)
In file included from test.c:5:
exercises.c: In function ‘eliminaElementos’:
exercises.c:88:7: error: too many arguments to function ‘popCurrent’
   88 |       popCurrent(L,*ent);
      |       ^~~~~~~~~~
In file included from exercises.c:1,
                 from test.c:5:
arraylist.h:32:7: note: declared here
   32 | void *popCurrent(List *L);
      |       ^~~~~~~~~~
Compilation failed
e81a642
Wed 20 Mar 2024 08:30:11 PM UTC: 
 exercises.c | 2 +-
 1 file changed, 1 insertion(+), 1 deletion(-)
In file included from test.c:5:
exercises.c: In function ‘eliminaElementos’:
exercises.c:88:9: error: too many arguments to function ‘popCurrent’
   88 |         popCurrent (L,elem);
      |         ^~~~~~~~~~
In file included from exercises.c:1,
                 from test.c:5:
arraylist.h:32:7: note: declared here
   32 | void *popCurrent(List *L);
      |       ^~~~~~~~~~
Compilation failed
69f0273
Wed 20 Mar 2024 08:30:37 PM UTC: 
 exercises.c | 2 +-
 1 file changed, 1 insertion(+), 1 deletion(-)
In file included from test.c:5:
exercises.c: In function ‘eliminaElementos’:
exercises.c:88:20: error: passing argument 1 of ‘popCurrent’ makes pointer from integer without a cast [-Werror=int-conversion]
   88 |         popCurrent(elem);
      |                    ^~~~
      |                    |
      |                    int
In file included from exercises.c:1,
                 from test.c:5:
arraylist.h:32:24: note: expected ‘List *’ but argument is of type ‘int’
   32 | void *popCurrent(List *L);
      |                  ~~~~~~^
cc1: all warnings being treated as errors
Compilation failed
36489ea
Wed 20 Mar 2024 08:30:51 PM UTC: 
 exercises.c | 2 +-
 1 file changed, 1 insertion(+), 1 deletion(-)
In file included from test.c:5:
exercises.c: In function ‘eliminaElementos’:
exercises.c:88:20: error: invalid use of incomplete typedef ‘List’
   88 |         popCurrent(*L);
      |                    ^~
Compilation failed
41d454e
Wed 20 Mar 2024 08:34:49 PM UTC: 
 exercises.c | 12 +++++++-----
 1 file changed, 7 insertions(+), 5 deletions(-)
 tests:  3|2
total_score: 40/70
c14ee7a
Wed 20 Mar 2024 08:36:55 PM UTC: 
 exercises.c | 8 +++++++-
 1 file changed, 7 insertions(+), 1 deletion(-)
 tests:  3|2
total_score: 40/70
017aef5
Wed 20 Mar 2024 08:40:54 PM UTC: 
 exercises.c | 12 ++++++++++--
 1 file changed, 10 insertions(+), 2 deletions(-)
 tests:  0|0
e33787e
Wed 20 Mar 2024 08:42:18 PM UTC: 
 exercises.c | 6 +-----
 1 file changed, 1 insertion(+), 5 deletions(-)
 tests:  0|0
9ef55fe
Wed 20 Mar 2024 08:44:10 PM UTC: 
 exercises.c | 1 +
 1 file changed, 1 insertion(+)
 tests:  0|0
7a0f6cb
Wed 20 Mar 2024 08:46:20 PM UTC: 
 exercises.c | 9 +++------
 1 file changed, 3 insertions(+), 6 deletions(-)
In file included from test.c:5:
exercises.c: In function ‘copia_pila’:
exercises.c:106:9: error: implicit declaration of function ‘is_empty’ [-Werror=implicit-function-declaration]
  106 |   while(is_empty(P1) == 0){
      |         ^~~~~~~~
cc1: all warnings being treated as errors
Compilation failed
be1f8fd
Wed 20 Mar 2024 08:47:36 PM UTC: 
 exercises.c | 8 +++-----
 1 file changed, 3 insertions(+), 5 deletions(-)
 tests:  0|0
1fa342f
Wed 20 Mar 2024 08:50:02 PM UTC: 
 exercises.c | 9 +++++++--
 1 file changed, 7 insertions(+), 2 deletions(-)
 tests:  0|0
f23465c
Wed 20 Mar 2024 08:53:48 PM UTC: 
 exercises.c | 7 ++++---
 1 file changed, 4 insertions(+), 3 deletions(-)
In file included from test.c:5:
exercises.c: In function ‘copia_pila’:
exercises.c:108:5: error: ‘dato’ may be used uninitialized [-Werror=maybe-uninitialized]
  108 |     push(aux, dato);
      |     ^~~~~~~~~~~~~~~
cc1: all warnings being treated as errors
Compilation failed
5ea3cf7
Wed 20 Mar 2024 08:53:52 PM UTC: 
 exercises.c | 2 +-
 1 file changed, 1 insertion(+), 1 deletion(-)
In file included from test.c:5:
exercises.c: In function ‘copia_pila’:
exercises.c:108:5: error: ‘dato’ may be used uninitialized [-Werror=maybe-uninitialized]
  108 |     push(aux, dato);
      |     ^~~~~~~~~~~~~~~
cc1: all warnings being treated as errors
Compilation failed
ed619a6
Wed 20 Mar 2024 08:54:44 PM UTC: 
 exercises.c | 4 ++--
 1 file changed, 2 insertions(+), 2 deletions(-)
In file included from test.c:5:
exercises.c: In function ‘copia_pila’:
exercises.c:111:14: error: assignment to ‘void *’ from ‘int’ makes pointer from integer without a cast [-Werror=int-conversion]
  111 |   while(dato = pop(aux) != NULL){
      |              ^
exercises.c:111:9: error: suggest parentheses around assignment used as truth value [-Werror=parentheses]
  111 |   while(dato = pop(aux) != NULL){
      |         ^~~~
cc1: all warnings being treated as errors
Compilation failed
d54c87f
Wed 20 Mar 2024 08:54:58 PM UTC: 
 exercises.c | 2 +-
 1 file changed, 1 insertion(+), 1 deletion(-)
In file included from test.c:5:
exercises.c: In function ‘copia_pila’:
exercises.c:111:15: error: assignment to ‘void *’ from ‘int’ makes pointer from integer without a cast [-Werror=int-conversion]
  111 |   while((dato = pop(aux) != NULL){
      |               ^
exercises.c:111:34: error: expected ‘)’ before ‘{’ token
  111 |   while((dato = pop(aux) != NULL){
      |        ~                         ^
      |                                  )
exercises.c:117:1: error: expected expression before ‘}’ token
  117 | }
      | ^
cc1: all warnings being treated as errors
Compilation failed
b94e39e
Wed 20 Mar 2024 08:55:17 PM UTC: 
 exercises.c | 2 +-
 1 file changed, 1 insertion(+), 1 deletion(-)
 tests:  4|1
total_score: 50/70
dd53aab
Wed 20 Mar 2024 08:59:31 PM UTC: 
 exercises.c | 13 ++++++++++++-
 1 file changed, 12 insertions(+), 1 deletion(-)
In file included from test.c:5:
exercises.c: In function ‘parentesisBalanceados’:
exercises.c:128:20: error: suggest parentheses around comparison in operand of ‘!=’ [-Werror=parentheses]
  128 |   for(int i = 0; i < cadena[i] != '\0'; i++){
      |                  ~~^~~~~~~~~~~
cc1: all warnings being treated as errors
Compilation failed
3786cf2
Wed 20 Mar 2024 08:59:39 PM UTC: 
 exercises.c | 2 +-
 1 file changed, 1 insertion(+), 1 deletion(-)
 tests:  4|1
total_score: 50/70
220e46f
Wed 20 Mar 2024 09:02:53 PM UTC: 
 exercises.c | 4 ++--
 1 file changed, 2 insertions(+), 2 deletions(-)
 tests:  4|1
total_score: 50/70
8420b35
Wed 20 Mar 2024 09:03:34 PM UTC: 
 exercises.c | 3 +++
 1 file changed, 3 insertions(+)
 tests:  5|1
total_score: 50/70
ba9c0de
Wed 20 Mar 2024 09:03:47 PM UTC: 
 exercises.c | 4 +++-
 1 file changed, 3 insertions(+), 1 deletion(-)
 tests:  5|1
total_score: 50/70
9693364
Wed 20 Mar 2024 09:04:00 PM UTC: 
 exercises.c | 2 +-
 1 file changed, 1 insertion(+), 1 deletion(-)
 tests:  4|1
total_score: 50/70
8a97960
Wed 20 Mar 2024 09:04:27 PM UTC: 
 exercises.c | 2 +-
 1 file changed, 1 insertion(+), 1 deletion(-)
In file included from test.c:5:
exercises.c: In function ‘parentesisBalanceados’:
exercises.c:130:21: error: passing argument 2 of ‘push’ makes pointer from integer without a cast [-Werror=int-conversion]
  130 |     push(aux, cadena[i]);
      |               ~~~~~~^~~
      |                     |
      |                     char
In file included from exercises.c:2,
                 from test.c:5:
stack.h:11:31: note: expected ‘void *’ but argument is of type ‘char’
   11 | void push(Stack *stack, void *data) { pushFront(stack, data); }
      |                         ~~~~~~^~~~
cc1: all warnings being treated as errors
Compilation failed
309de2f
Wed 20 Mar 2024 09:04:35 PM UTC: 
 exercises.c | 2 +-
 1 file changed, 1 insertion(+), 1 deletion(-)
In file included from test.c:5:
exercises.c: In function ‘parentesisBalanceados’:
exercises.c:130:15: error: invalid type argument of unary ‘*’ (have ‘int’)
  130 |     push(aux, *cadena[i]);
      |               ^~~~~~~~~~
Compilation failed
fe5d889
